/store/msrad/utils/anaconda3/envs/radardb/lib/python3.6/site-packages/osgeo/__init__.py:8: DeprecationWarning: the imp module is deprecated in favour of importlib; see the module's documentation for alternative uses
  import imp
INFO:root:Processing timestep : 2020-01-29 00:00:00
INFO:root:Processing timestep : 2020-01-29 00:02:00
INFO:root:Processing timestep : 2020-01-29 00:05:00
INFO:root:Processing timestep : 2020-01-29 00:07:00
INFO:root:Processing timestep : 2020-01-29 00:10:00
INFO:root:Processing timestep : 2020-01-29 00:12:00
INFO:root:Processing timestep : 2020-01-29 00:15:00
INFO:root:Processing timestep : 2020-01-29 00:17:00
INFO:root:Processing timestep : 2020-01-29 00:20:00
INFO:root:Processing timestep : 2020-01-29 00:22:00
INFO:root:Processing timestep : 2020-01-29 00:25:00
INFO:root:Processing timestep : 2020-01-29 00:27:00
INFO:root:Processing timestep : 2020-01-29 00:30:00
INFO:root:Processing timestep : 2020-01-29 00:32:00
INFO:root:Processing timestep : 2020-01-29 00:35:00
INFO:root:Processing timestep : 2020-01-29 00:37:00
INFO:root:Processing timestep : 2020-01-29 00:40:00
INFO:root:Processing timestep : 2020-01-29 00:42:00
INFO:root:Processing timestep : 2020-01-29 00:45:00
INFO:root:Processing timestep : 2020-01-29 00:47:00
INFO:root:Processing timestep : 2020-01-29 00:50:00
INFO:root:Processing timestep : 2020-01-29 00:52:00
INFO:root:Processing timestep : 2020-01-29 00:55:00
INFO:root:Processing timestep : 2020-01-29 00:57:00
INFO:root:Processing timestep : 2020-01-29 01:00:00
INFO:root:Processing timestep : 2020-01-29 01:02:00
INFO:root:Processing timestep : 2020-01-29 01:05:00
INFO:root:Processing timestep : 2020-01-29 01:07:00
INFO:root:Processing timestep : 2020-01-29 01:10:00
INFO:root:Processing timestep : 2020-01-29 01:12:00
INFO:root:Processing timestep : 2020-01-29 01:15:00
INFO:root:Processing timestep : 2020-01-29 01:17:00
INFO:root:Processing timestep : 2020-01-29 01:20:00
INFO:root:Processing timestep : 2020-01-29 01:22:00
INFO:root:Processing timestep : 2020-01-29 01:25:00
INFO:root:Processing timestep : 2020-01-29 01:27:00
INFO:root:Processing timestep : 2020-01-29 01:30:00
INFO:root:Processing timestep : 2020-01-29 01:32:00
INFO:root:Processing timestep : 2020-01-29 01:35:00
INFO:root:Processing timestep : 2020-01-29 01:37:00
INFO:root:Processing timestep : 2020-01-29 01:40:00
INFO:root:Processing timestep : 2020-01-29 01:42:00
INFO:root:Processing timestep : 2020-01-29 01:45:00
INFO:root:Processing timestep : 2020-01-29 01:47:00
INFO:root:Processing timestep : 2020-01-29 01:50:00
INFO:root:Processing timestep : 2020-01-29 01:52:00
INFO:root:Processing timestep : 2020-01-29 01:55:00
INFO:root:Processing timestep : 2020-01-29 01:57:00
INFO:root:Processing timestep : 2020-01-29 02:00:00
INFO:root:Processing timestep : 2020-01-29 02:02:00
INFO:root:Processing timestep : 2020-01-29 02:05:00
INFO:root:Processing timestep : 2020-01-29 02:07:00
INFO:root:Processing timestep : 2020-01-29 02:10:00
INFO:root:Processing timestep : 2020-01-29 02:12:00
INFO:root:Processing timestep : 2020-01-29 02:15:00
INFO:root:Processing timestep : 2020-01-29 02:17:00
INFO:root:Processing timestep : 2020-01-29 02:20:00
INFO:root:Processing timestep : 2020-01-29 02:22:00
INFO:root:Processing timestep : 2020-01-29 02:25:00
INFO:root:Processing timestep : 2020-01-29 02:27:00
INFO:root:Processing timestep : 2020-01-29 02:30:00
INFO:root:Processing timestep : 2020-01-29 02:32:00
INFO:root:Processing timestep : 2020-01-29 02:35:00
INFO:root:Processing timestep : 2020-01-29 02:37:00
INFO:root:Processing timestep : 2020-01-29 02:40:00
INFO:root:Processing timestep : 2020-01-29 02:42:00
INFO:root:Processing timestep : 2020-01-29 02:45:00
INFO:root:Processing timestep : 2020-01-29 02:47:00
INFO:root:Processing timestep : 2020-01-29 02:50:00
INFO:root:Processing timestep : 2020-01-29 02:52:00
INFO:root:Processing timestep : 2020-01-29 02:55:00
INFO:root:Processing timestep : 2020-01-29 02:57:00
INFO:root:Processing timestep : 2020-01-29 03:00:00
INFO:root:Processing timestep : 2020-01-29 03:02:00
INFO:root:Processing timestep : 2020-01-29 03:05:00
INFO:root:Processing timestep : 2020-01-29 03:07:00
INFO:root:Processing timestep : 2020-01-29 03:10:00
INFO:root:Processing timestep : 2020-01-29 03:12:00
INFO:root:Processing timestep : 2020-01-29 03:15:00
INFO:root:Processing timestep : 2020-01-29 03:17:00
INFO:root:Processing timestep : 2020-01-29 03:20:00
INFO:root:Processing timestep : 2020-01-29 03:22:00
INFO:root:Processing timestep : 2020-01-29 03:25:00
INFO:root:Processing timestep : 2020-01-29 03:27:00
INFO:root:Processing timestep : 2020-01-29 03:30:00
INFO:root:Processing timestep : 2020-01-29 03:32:00
INFO:root:Processing timestep : 2020-01-29 03:35:00
INFO:root:Processing timestep : 2020-01-29 03:37:00
INFO:root:Processing timestep : 2020-01-29 03:40:00
INFO:root:Processing timestep : 2020-01-29 03:42:00
INFO:root:Processing timestep : 2020-01-29 03:45:00
INFO:root:Processing timestep : 2020-01-29 03:47:00
INFO:root:Processing timestep : 2020-01-29 03:50:00
INFO:root:Processing timestep : 2020-01-29 03:52:00
INFO:root:Processing timestep : 2020-01-29 03:55:00
INFO:root:Processing timestep : 2020-01-29 03:57:00
INFO:root:Processing timestep : 2020-01-29 04:00:00
INFO:root:Processing timestep : 2020-01-29 04:02:00
INFO:root:Processing timestep : 2020-01-29 04:05:00
INFO:root:Processing timestep : 2020-01-29 04:07:00
INFO:root:Processing timestep : 2020-01-29 04:10:00
INFO:root:Processing timestep : 2020-01-29 04:12:00
INFO:root:Processing timestep : 2020-01-29 04:15:00
INFO:root:Processing timestep : 2020-01-29 04:17:00
INFO:root:Processing timestep : 2020-01-29 04:20:00
INFO:root:Processing timestep : 2020-01-29 04:22:00
INFO:root:Processing timestep : 2020-01-29 04:25:00
INFO:root:Processing timestep : 2020-01-29 04:27:00
INFO:root:Processing timestep : 2020-01-29 04:30:00
INFO:root:Processing timestep : 2020-01-29 04:32:00
INFO:root:Processing timestep : 2020-01-29 04:35:00
INFO:root:Processing timestep : 2020-01-29 04:37:00
INFO:root:Processing timestep : 2020-01-29 04:40:00
INFO:root:Processing timestep : 2020-01-29 04:42:00
INFO:root:Processing timestep : 2020-01-29 04:45:00
INFO:root:Processing timestep : 2020-01-29 04:47:00
INFO:root:Processing timestep : 2020-01-29 04:50:00
INFO:root:Processing timestep : 2020-01-29 04:52:00
INFO:root:Processing timestep : 2020-01-29 04:55:00
INFO:root:Processing timestep : 2020-01-29 04:57:00
INFO:root:Processing timestep : 2020-01-29 05:00:00
INFO:root:Processing timestep : 2020-01-29 05:02:00
INFO:root:Processing timestep : 2020-01-29 05:05:00
INFO:root:Processing timestep : 2020-01-29 05:07:00
INFO:root:Processing timestep : 2020-01-29 05:10:00
INFO:root:Processing timestep : 2020-01-29 05:12:00
INFO:root:Processing timestep : 2020-01-29 05:15:00
INFO:root:Processing timestep : 2020-01-29 05:17:00
INFO:root:Processing timestep : 2020-01-29 05:20:00
INFO:root:Processing timestep : 2020-01-29 05:22:00
INFO:root:Processing timestep : 2020-01-29 05:25:00
INFO:root:Processing timestep : 2020-01-29 05:27:00
INFO:root:Processing timestep : 2020-01-29 05:30:00
INFO:root:Processing timestep : 2020-01-29 05:32:00
INFO:root:Processing timestep : 2020-01-29 05:35:00
INFO:root:Processing timestep : 2020-01-29 05:37:00
INFO:root:Processing timestep : 2020-01-29 05:40:00
INFO:root:Processing timestep : 2020-01-29 05:42:00
INFO:root:Processing timestep : 2020-01-29 05:45:00
INFO:root:Processing timestep : 2020-01-29 05:47:00
INFO:root:Processing timestep : 2020-01-29 05:50:00
INFO:root:Processing timestep : 2020-01-29 05:52:00
INFO:root:Processing timestep : 2020-01-29 05:55:00
INFO:root:Processing timestep : 2020-01-29 05:57:00
INFO:root:Processing timestep : 2020-01-29 06:00:00
INFO:root:Processing timestep : 2020-01-29 06:02:00
INFO:root:Processing timestep : 2020-01-29 06:05:00
INFO:root:Processing timestep : 2020-01-29 06:07:00
INFO:root:Processing timestep : 2020-01-29 06:10:00
INFO:root:Processing timestep : 2020-01-29 06:12:00
INFO:root:Processing timestep : 2020-01-29 06:15:00
INFO:root:Processing timestep : 2020-01-29 06:17:00
INFO:root:Processing timestep : 2020-01-29 06:20:00
INFO:root:Processing timestep : 2020-01-29 06:22:00
INFO:root:Processing timestep : 2020-01-29 06:25:00
INFO:root:Processing timestep : 2020-01-29 06:27:00
INFO:root:Processing timestep : 2020-01-29 06:30:00
INFO:root:Processing timestep : 2020-01-29 06:32:00
INFO:root:Processing timestep : 2020-01-29 06:35:00
INFO:root:Processing timestep : 2020-01-29 06:37:00
INFO:root:Processing timestep : 2020-01-29 06:40:00
INFO:root:Processing timestep : 2020-01-29 06:42:00
INFO:root:Processing timestep : 2020-01-29 06:45:00
INFO:root:Processing timestep : 2020-01-29 06:47:00
INFO:root:Processing timestep : 2020-01-29 06:50:00
INFO:root:Processing timestep : 2020-01-29 06:52:00
INFO:root:Processing timestep : 2020-01-29 06:55:00
INFO:root:Processing timestep : 2020-01-29 06:57:00
INFO:root:Processing timestep : 2020-01-29 07:00:00
INFO:root:Processing timestep : 2020-01-29 07:02:00
INFO:root:Processing timestep : 2020-01-29 07:05:00
INFO:root:Processing timestep : 2020-01-29 07:07:00
INFO:root:Processing timestep : 2020-01-29 07:10:00
INFO:root:Processing timestep : 2020-01-29 07:12:00
INFO:root:Processing timestep : 2020-01-29 07:15:00
INFO:root:Processing timestep : 2020-01-29 07:17:00
INFO:root:Processing timestep : 2020-01-29 07:20:00
INFO:root:Processing timestep : 2020-01-29 07:22:00
INFO:root:Processing timestep : 2020-01-29 07:25:00
INFO:root:Processing timestep : 2020-01-29 07:27:00
INFO:root:Processing timestep : 2020-01-29 07:30:00
INFO:root:Processing timestep : 2020-01-29 07:32:00
INFO:root:Processing timestep : 2020-01-29 07:35:00
INFO:root:Processing timestep : 2020-01-29 07:37:00
INFO:root:Processing timestep : 2020-01-29 07:40:00
INFO:root:Processing timestep : 2020-01-29 07:42:00
INFO:root:Processing timestep : 2020-01-29 07:45:00
INFO:root:Processing timestep : 2020-01-29 07:47:00
INFO:root:Processing timestep : 2020-01-29 07:50:00
INFO:root:Processing timestep : 2020-01-29 07:52:00
INFO:root:Processing timestep : 2020-01-29 07:55:00
INFO:root:Processing timestep : 2020-01-29 07:57:00
INFO:root:Processing timestep : 2020-01-29 08:00:00
INFO:root:Processing timestep : 2020-01-29 08:02:00
INFO:root:Processing timestep : 2020-01-29 08:05:00
INFO:root:Processing timestep : 2020-01-29 08:07:00
INFO:root:Processing timestep : 2020-01-29 08:10:00
INFO:root:Processing timestep : 2020-01-29 08:12:00
INFO:root:Processing timestep : 2020-01-29 08:15:00
INFO:root:Processing timestep : 2020-01-29 08:17:00
INFO:root:Processing timestep : 2020-01-29 08:20:00
INFO:root:Processing timestep : 2020-01-29 08:22:00
INFO:root:Processing timestep : 2020-01-29 08:25:00
INFO:root:Processing timestep : 2020-01-29 08:27:00
INFO:root:Processing timestep : 2020-01-29 08:30:00
INFO:root:Processing timestep : 2020-01-29 08:32:00
INFO:root:Processing timestep : 2020-01-29 08:35:00
INFO:root:Processing timestep : 2020-01-29 08:37:00
INFO:root:Processing timestep : 2020-01-29 08:40:00
INFO:root:Processing timestep : 2020-01-29 08:42:00
INFO:root:Processing timestep : 2020-01-29 08:45:00
INFO:root:Processing timestep : 2020-01-29 08:47:00
INFO:root:Processing timestep : 2020-01-29 08:50:00
INFO:root:Processing timestep : 2020-01-29 08:52:00
INFO:root:Processing timestep : 2020-01-29 08:55:00
INFO:root:Processing timestep : 2020-01-29 08:57:00
INFO:root:Processing timestep : 2020-01-29 09:00:00
INFO:root:Processing timestep : 2020-01-29 09:02:00
INFO:root:Processing timestep : 2020-01-29 09:05:00
INFO:root:Processing timestep : 2020-01-29 09:07:00
INFO:root:Processing timestep : 2020-01-29 09:10:00
INFO:root:Processing timestep : 2020-01-29 09:12:00
INFO:root:Processing timestep : 2020-01-29 09:15:00
INFO:root:Processing timestep : 2020-01-29 09:17:00
INFO:root:Processing timestep : 2020-01-29 09:20:00
INFO:root:Processing timestep : 2020-01-29 09:22:00
INFO:root:Processing timestep : 2020-01-29 09:25:00
INFO:root:Processing timestep : 2020-01-29 09:27:00
INFO:root:Processing timestep : 2020-01-29 09:30:00
INFO:root:Processing timestep : 2020-01-29 09:32:00
INFO:root:Processing timestep : 2020-01-29 09:35:00
INFO:root:Processing timestep : 2020-01-29 09:37:00
INFO:root:Processing timestep : 2020-01-29 09:40:00
INFO:root:Processing timestep : 2020-01-29 09:42:00
INFO:root:Processing timestep : 2020-01-29 09:45:00
INFO:root:Processing timestep : 2020-01-29 09:47:00
INFO:root:Processing timestep : 2020-01-29 09:50:00
INFO:root:Processing timestep : 2020-01-29 09:52:00
INFO:root:Processing timestep : 2020-01-29 09:55:00
INFO:root:Processing timestep : 2020-01-29 09:57:00
INFO:root:Processing timestep : 2020-01-29 10:00:00
INFO:root:Processing timestep : 2020-01-29 10:02:00
INFO:root:Processing timestep : 2020-01-29 10:05:00
INFO:root:Processing timestep : 2020-01-29 10:07:00
INFO:root:Processing timestep : 2020-01-29 10:10:00
INFO:root:Processing timestep : 2020-01-29 10:12:00
INFO:root:Processing timestep : 2020-01-29 10:15:00
INFO:root:Processing timestep : 2020-01-29 10:17:00
INFO:root:Processing timestep : 2020-01-29 10:20:00
INFO:root:Processing timestep : 2020-01-29 10:22:00
INFO:root:Processing timestep : 2020-01-29 10:25:00
INFO:root:Processing timestep : 2020-01-29 10:27:00
INFO:root:Processing timestep : 2020-01-29 10:30:00
INFO:root:Processing timestep : 2020-01-29 10:32:00
INFO:root:Processing timestep : 2020-01-29 10:35:00
INFO:root:Processing timestep : 2020-01-29 10:37:00
INFO:root:Processing timestep : 2020-01-29 10:40:00
INFO:root:Processing timestep : 2020-01-29 10:42:00
INFO:root:Processing timestep : 2020-01-29 10:45:00
INFO:root:Processing timestep : 2020-01-29 10:47:00
INFO:root:Processing timestep : 2020-01-29 10:50:00
INFO:root:Processing timestep : 2020-01-29 10:52:00
INFO:root:Processing timestep : 2020-01-29 10:55:00
INFO:root:Processing timestep : 2020-01-29 10:57:00
INFO:root:Processing timestep : 2020-01-29 11:00:00
INFO:root:Processing timestep : 2020-01-29 11:02:00
INFO:root:Processing timestep : 2020-01-29 11:05:00
INFO:root:Processing timestep : 2020-01-29 11:07:00
INFO:root:Processing timestep : 2020-01-29 11:10:00
INFO:root:Processing timestep : 2020-01-29 11:12:00
INFO:root:Processing timestep : 2020-01-29 11:15:00
INFO:root:Processing timestep : 2020-01-29 11:17:00
INFO:root:Processing timestep : 2020-01-29 11:20:00
INFO:root:Processing timestep : 2020-01-29 11:22:00
INFO:root:Processing timestep : 2020-01-29 11:25:00
INFO:root:Processing timestep : 2020-01-29 11:27:00
INFO:root:Processing timestep : 2020-01-29 11:30:00
INFO:root:Processing timestep : 2020-01-29 11:32:00
INFO:root:Processing timestep : 2020-01-29 11:35:00
INFO:root:Processing timestep : 2020-01-29 11:37:00
INFO:root:Processing timestep : 2020-01-29 11:40:00
INFO:root:Processing timestep : 2020-01-29 11:42:00
INFO:root:Processing timestep : 2020-01-29 11:45:00
INFO:root:Processing timestep : 2020-01-29 11:47:00
INFO:root:Processing timestep : 2020-01-29 11:50:00
INFO:root:Processing timestep : 2020-01-29 11:52:00
INFO:root:Processing timestep : 2020-01-29 11:55:00
INFO:root:Processing timestep : 2020-01-29 11:57:00
INFO:root:Processing timestep : 2020-01-29 12:00:00
INFO:root:Processing timestep : 2020-01-29 12:02:00
INFO:root:Processing timestep : 2020-01-29 12:05:00
INFO:root:Processing timestep : 2020-01-29 12:07:00
INFO:root:Processing timestep : 2020-01-29 12:10:00
INFO:root:Processing timestep : 2020-01-29 12:12:00
INFO:root:Processing timestep : 2020-01-29 12:15:00
INFO:root:Processing timestep : 2020-01-29 12:17:00
INFO:root:Processing timestep : 2020-01-29 12:20:00
INFO:root:Processing timestep : 2020-01-29 12:22:00
INFO:root:Processing timestep : 2020-01-29 12:25:00
INFO:root:Processing timestep : 2020-01-29 12:27:00
INFO:root:Processing timestep : 2020-01-29 12:30:00
INFO:root:Processing timestep : 2020-01-29 12:32:00
INFO:root:Processing timestep : 2020-01-29 12:35:00
INFO:root:Processing timestep : 2020-01-29 12:37:00
INFO:root:Processing timestep : 2020-01-29 12:40:00
INFO:root:Processing timestep : 2020-01-29 12:42:00
INFO:root:Processing timestep : 2020-01-29 12:45:00
INFO:root:Processing timestep : 2020-01-29 12:47:00
INFO:root:Processing timestep : 2020-01-29 12:50:00
INFO:root:Processing timestep : 2020-01-29 12:52:00
INFO:root:Processing timestep : 2020-01-29 12:55:00
INFO:root:Processing timestep : 2020-01-29 12:57:00
INFO:root:Processing timestep : 2020-01-29 13:00:00
INFO:root:Processing timestep : 2020-01-29 13:02:00
INFO:root:Processing timestep : 2020-01-29 13:05:00
INFO:root:Processing timestep : 2020-01-29 13:07:00
INFO:root:Processing timestep : 2020-01-29 13:10:00
INFO:root:Processing timestep : 2020-01-29 13:12:00
INFO:root:Processing timestep : 2020-01-29 13:15:00
INFO:root:Processing timestep : 2020-01-29 13:17:00
INFO:root:Processing timestep : 2020-01-29 13:20:00
INFO:root:Processing timestep : 2020-01-29 13:22:00
INFO:root:Processing timestep : 2020-01-29 13:25:00
INFO:root:Processing timestep : 2020-01-29 13:27:00
INFO:root:Processing timestep : 2020-01-29 13:30:00
INFO:root:Processing timestep : 2020-01-29 13:32:00
INFO:root:Processing timestep : 2020-01-29 13:35:00
INFO:root:Processing timestep : 2020-01-29 13:37:00
INFO:root:Processing timestep : 2020-01-29 13:40:00
INFO:root:Processing timestep : 2020-01-29 13:42:00
INFO:root:Processing timestep : 2020-01-29 13:45:00
INFO:root:Processing timestep : 2020-01-29 13:47:00
INFO:root:Processing timestep : 2020-01-29 13:50:00
INFO:root:Processing timestep : 2020-01-29 13:52:00
INFO:root:Processing timestep : 2020-01-29 13:55:00
INFO:root:Processing timestep : 2020-01-29 13:57:00
INFO:root:Processing timestep : 2020-01-29 14:00:00
INFO:root:Processing timestep : 2020-01-29 14:02:00
INFO:root:Processing timestep : 2020-01-29 14:05:00
INFO:root:Processing timestep : 2020-01-29 14:07:00
INFO:root:Processing timestep : 2020-01-29 14:10:00
INFO:root:Processing timestep : 2020-01-29 14:12:00
INFO:root:Processing timestep : 2020-01-29 14:15:00
INFO:root:Processing timestep : 2020-01-29 14:17:00
INFO:root:Processing timestep : 2020-01-29 14:20:00
INFO:root:Processing timestep : 2020-01-29 14:22:00
INFO:root:Processing timestep : 2020-01-29 14:25:00
INFO:root:Processing timestep : 2020-01-29 14:27:00
INFO:root:Processing timestep : 2020-01-29 14:30:00
INFO:root:Processing timestep : 2020-01-29 14:32:00
INFO:root:Processing timestep : 2020-01-29 14:35:00
INFO:root:Processing timestep : 2020-01-29 14:37:00
INFO:root:Processing timestep : 2020-01-29 14:40:00
INFO:root:Processing timestep : 2020-01-29 14:42:00
INFO:root:Processing timestep : 2020-01-29 14:45:00
INFO:root:Processing timestep : 2020-01-29 14:47:00
INFO:root:Processing timestep : 2020-01-29 14:50:00
INFO:root:Processing timestep : 2020-01-29 14:52:00
INFO:root:Processing timestep : 2020-01-29 14:55:00
INFO:root:Processing timestep : 2020-01-29 14:57:00
INFO:root:Processing timestep : 2020-01-29 15:00:00
INFO:root:Processing timestep : 2020-01-29 15:02:00
INFO:root:Processing timestep : 2020-01-29 15:05:00
INFO:root:Processing timestep : 2020-01-29 15:07:00
INFO:root:Processing timestep : 2020-01-29 15:10:00
INFO:root:Processing timestep : 2020-01-29 15:12:00
INFO:root:Processing timestep : 2020-01-29 15:15:00
INFO:root:Processing timestep : 2020-01-29 15:17:00
INFO:root:Processing timestep : 2020-01-29 15:20:00
INFO:root:Processing timestep : 2020-01-29 15:22:00
INFO:root:Processing timestep : 2020-01-29 15:25:00
INFO:root:Processing timestep : 2020-01-29 15:27:00
INFO:root:Processing timestep : 2020-01-29 15:30:00
INFO:root:Processing timestep : 2020-01-29 15:32:00
INFO:root:Processing timestep : 2020-01-29 15:35:00
INFO:root:Processing timestep : 2020-01-29 15:37:00
INFO:root:Processing timestep : 2020-01-29 15:40:00
INFO:root:Processing timestep : 2020-01-29 15:42:00
INFO:root:Processing timestep : 2020-01-29 15:45:00
INFO:root:Processing timestep : 2020-01-29 15:47:00
INFO:root:Processing timestep : 2020-01-29 15:50:00
INFO:root:Processing timestep : 2020-01-29 15:52:00
INFO:root:Processing timestep : 2020-01-29 15:55:00
INFO:root:Processing timestep : 2020-01-29 15:57:00
INFO:root:Processing timestep : 2020-01-29 16:00:00
INFO:root:Processing timestep : 2020-01-29 16:02:00
INFO:root:Processing timestep : 2020-01-29 16:05:00
INFO:root:Processing timestep : 2020-01-29 16:07:00
INFO:root:Processing timestep : 2020-01-29 16:10:00
INFO:root:Processing timestep : 2020-01-29 16:12:00
INFO:root:Processing timestep : 2020-01-29 16:15:00
INFO:root:Processing timestep : 2020-01-29 16:17:00
INFO:root:Processing timestep : 2020-01-29 16:20:00
INFO:root:Processing timestep : 2020-01-29 16:22:00
INFO:root:Processing timestep : 2020-01-29 16:25:00
INFO:root:Processing timestep : 2020-01-29 16:27:00
INFO:root:Processing timestep : 2020-01-29 16:30:00
INFO:root:Processing timestep : 2020-01-29 16:32:00
INFO:root:Processing timestep : 2020-01-29 16:35:00
INFO:root:Processing timestep : 2020-01-29 16:37:00
INFO:root:Processing timestep : 2020-01-29 16:40:00
INFO:root:Processing timestep : 2020-01-29 16:42:00
INFO:root:Processing timestep : 2020-01-29 16:45:00
INFO:root:Processing timestep : 2020-01-29 16:47:00
INFO:root:Processing timestep : 2020-01-29 16:50:00
INFO:root:Processing timestep : 2020-01-29 16:52:00
INFO:root:Processing timestep : 2020-01-29 16:55:00
INFO:root:Processing timestep : 2020-01-29 16:57:00
INFO:root:Processing timestep : 2020-01-29 17:00:00
INFO:root:Processing timestep : 2020-01-29 17:02:00
INFO:root:Processing timestep : 2020-01-29 17:05:00
INFO:root:Processing timestep : 2020-01-29 17:07:00
INFO:root:Processing timestep : 2020-01-29 17:10:00
INFO:root:Processing timestep : 2020-01-29 17:12:00
INFO:root:Processing timestep : 2020-01-29 17:15:00
INFO:root:Processing timestep : 2020-01-29 17:17:00
INFO:root:Processing timestep : 2020-01-29 17:20:00
INFO:root:Processing timestep : 2020-01-29 17:22:00
INFO:root:Processing timestep : 2020-01-29 17:25:00
INFO:root:Processing timestep : 2020-01-29 17:27:00
INFO:root:Processing timestep : 2020-01-29 17:30:00
INFO:root:Processing timestep : 2020-01-29 17:32:00
INFO:root:Processing timestep : 2020-01-29 17:35:00
INFO:root:Processing timestep : 2020-01-29 17:37:00
INFO:root:Processing timestep : 2020-01-29 17:40:00
INFO:root:Processing timestep : 2020-01-29 17:42:00
INFO:root:Processing timestep : 2020-01-29 17:45:00
INFO:root:Processing timestep : 2020-01-29 17:47:00
INFO:root:Processing timestep : 2020-01-29 17:50:00
INFO:root:Processing timestep : 2020-01-29 17:52:00
INFO:root:Processing timestep : 2020-01-29 17:55:00
INFO:root:Processing timestep : 2020-01-29 17:57:00
INFO:root:Processing timestep : 2020-01-29 18:00:00
INFO:root:Processing timestep : 2020-01-29 18:02:00
INFO:root:Processing timestep : 2020-01-29 18:05:00
INFO:root:Processing timestep : 2020-01-29 18:07:00
INFO:root:Processing timestep : 2020-01-29 18:10:00
INFO:root:Processing timestep : 2020-01-29 18:12:00
INFO:root:Processing timestep : 2020-01-29 18:15:00
INFO:root:Processing timestep : 2020-01-29 18:17:00
INFO:root:Processing timestep : 2020-01-29 18:20:00
INFO:root:Processing timestep : 2020-01-29 18:22:00
INFO:root:Processing timestep : 2020-01-29 18:25:00
INFO:root:Processing timestep : 2020-01-29 18:27:00
INFO:root:Processing timestep : 2020-01-29 18:30:00
INFO:root:Processing timestep : 2020-01-29 18:32:00
INFO:root:Processing timestep : 2020-01-29 18:35:00
INFO:root:Processing timestep : 2020-01-29 18:37:00
INFO:root:Processing timestep : 2020-01-29 18:40:00
INFO:root:Processing timestep : 2020-01-29 18:42:00
INFO:root:Processing timestep : 2020-01-29 18:45:00
INFO:root:Processing timestep : 2020-01-29 18:47:00
INFO:root:Processing timestep : 2020-01-29 18:50:00
INFO:root:Processing timestep : 2020-01-29 18:52:00
INFO:root:Processing timestep : 2020-01-29 18:55:00
INFO:root:Processing timestep : 2020-01-29 18:57:00
INFO:root:Processing timestep : 2020-01-29 19:00:00
INFO:root:Processing timestep : 2020-01-29 19:02:00
INFO:root:Processing timestep : 2020-01-29 19:05:00
INFO:root:Processing timestep : 2020-01-29 19:07:00
INFO:root:Processing timestep : 2020-01-29 19:10:00
INFO:root:Processing timestep : 2020-01-29 19:12:00
INFO:root:Processing timestep : 2020-01-29 19:15:00
INFO:root:Processing timestep : 2020-01-29 19:17:00
INFO:root:Processing timestep : 2020-01-29 19:20:00
INFO:root:Processing timestep : 2020-01-29 19:22:00
INFO:root:Processing timestep : 2020-01-29 19:25:00
INFO:root:Processing timestep : 2020-01-29 19:27:00
INFO:root:Processing timestep : 2020-01-29 19:30:00
INFO:root:Processing timestep : 2020-01-29 19:32:00
INFO:root:Processing timestep : 2020-01-29 19:35:00
INFO:root:Processing timestep : 2020-01-29 19:37:00
INFO:root:Processing timestep : 2020-01-29 19:40:00
INFO:root:Processing timestep : 2020-01-29 19:42:00
INFO:root:Processing timestep : 2020-01-29 19:45:00
INFO:root:Processing timestep : 2020-01-29 19:47:00
INFO:root:Processing timestep : 2020-01-29 19:50:00
INFO:root:Processing timestep : 2020-01-29 19:52:00
INFO:root:Processing timestep : 2020-01-29 19:55:00
INFO:root:Processing timestep : 2020-01-29 19:57:00
INFO:root:Processing timestep : 2020-01-29 20:00:00
INFO:root:Processing timestep : 2020-01-29 20:02:00
INFO:root:Processing timestep : 2020-01-29 20:05:00
INFO:root:Processing timestep : 2020-01-29 20:07:00
INFO:root:Processing timestep : 2020-01-29 20:10:00
INFO:root:Processing timestep : 2020-01-29 20:12:00
INFO:root:Processing timestep : 2020-01-29 20:15:00
INFO:root:Processing timestep : 2020-01-29 20:17:00
INFO:root:Processing timestep : 2020-01-29 20:20:00
INFO:root:Processing timestep : 2020-01-29 20:22:00
INFO:root:Processing timestep : 2020-01-29 20:25:00
INFO:root:Processing timestep : 2020-01-29 20:27:00
INFO:root:Processing timestep : 2020-01-29 20:30:00
INFO:root:Processing timestep : 2020-01-29 20:32:00
INFO:root:Processing timestep : 2020-01-29 20:35:00
INFO:root:Processing timestep : 2020-01-29 20:37:00
INFO:root:Processing timestep : 2020-01-29 20:40:00
INFO:root:Processing timestep : 2020-01-29 20:42:00
INFO:root:Processing timestep : 2020-01-29 20:45:00
INFO:root:Processing timestep : 2020-01-29 20:47:00
INFO:root:Processing timestep : 2020-01-29 20:50:00
INFO:root:Processing timestep : 2020-01-29 20:52:00
INFO:root:Processing timestep : 2020-01-29 20:55:00
INFO:root:Processing timestep : 2020-01-29 20:57:00
INFO:root:Processing timestep : 2020-01-29 21:00:00
INFO:root:Processing timestep : 2020-01-29 21:02:00
INFO:root:Processing timestep : 2020-01-29 21:05:00
INFO:root:Processing timestep : 2020-01-29 21:07:00
INFO:root:Processing timestep : 2020-01-29 21:10:00
INFO:root:Processing timestep : 2020-01-29 21:12:00
INFO:root:Processing timestep : 2020-01-29 21:15:00
INFO:root:Processing timestep : 2020-01-29 21:17:00
INFO:root:Processing timestep : 2020-01-29 21:20:00
INFO:root:Processing timestep : 2020-01-29 21:22:00
INFO:root:Processing timestep : 2020-01-29 21:25:00
INFO:root:Processing timestep : 2020-01-29 21:27:00
INFO:root:Processing timestep : 2020-01-29 21:30:00
INFO:root:Processing timestep : 2020-01-29 21:32:00
INFO:root:Processing timestep : 2020-01-29 21:35:00
INFO:root:Processing timestep : 2020-01-29 21:37:00
INFO:root:Processing timestep : 2020-01-29 21:40:00
INFO:root:Processing timestep : 2020-01-29 21:42:00
INFO:root:Processing timestep : 2020-01-29 21:45:00
INFO:root:Processing timestep : 2020-01-29 21:47:00
INFO:root:Processing timestep : 2020-01-29 21:50:00
INFO:root:Processing timestep : 2020-01-29 21:52:00
INFO:root:Processing timestep : 2020-01-29 21:55:00
INFO:root:Processing timestep : 2020-01-29 21:57:00
INFO:root:Processing timestep : 2020-01-29 22:00:00
INFO:root:Processing timestep : 2020-01-29 22:02:00
INFO:root:Processing timestep : 2020-01-29 22:05:00
INFO:root:Processing timestep : 2020-01-29 22:07:00
INFO:root:Processing timestep : 2020-01-29 22:10:00
INFO:root:Processing timestep : 2020-01-29 22:12:00
INFO:root:Processing timestep : 2020-01-29 22:15:00
INFO:root:Processing timestep : 2020-01-29 22:17:00
INFO:root:Processing timestep : 2020-01-29 22:20:00
INFO:root:Processing timestep : 2020-01-29 22:22:00
INFO:root:Processing timestep : 2020-01-29 22:25:00
INFO:root:Processing timestep : 2020-01-29 22:27:00
INFO:root:Processing timestep : 2020-01-29 22:30:00
INFO:root:Processing timestep : 2020-01-29 22:32:00
INFO:root:Processing timestep : 2020-01-29 22:35:00
INFO:root:Processing timestep : 2020-01-29 22:37:00
INFO:root:Processing timestep : 2020-01-29 22:40:00
INFO:root:Processing timestep : 2020-01-29 22:42:00
INFO:root:Processing timestep : 2020-01-29 22:45:00
INFO:root:Processing timestep : 2020-01-29 22:47:00
INFO:root:Processing timestep : 2020-01-29 22:50:00
INFO:root:Processing timestep : 2020-01-29 22:52:00
INFO:root:Processing timestep : 2020-01-29 22:55:00
INFO:root:Processing timestep : 2020-01-29 22:57:00
INFO:root:Processing timestep : 2020-01-29 23:00:00
INFO:root:Processing timestep : 2020-01-29 23:02:00
INFO:root:Processing timestep : 2020-01-29 23:05:00
INFO:root:Processing timestep : 2020-01-29 23:07:00
INFO:root:Processing timestep : 2020-01-29 23:10:00
INFO:root:Processing timestep : 2020-01-29 23:12:00
INFO:root:Processing timestep : 2020-01-29 23:15:00
INFO:root:Processing timestep : 2020-01-29 23:17:00
INFO:root:Processing timestep : 2020-01-29 23:20:00
INFO:root:Processing timestep : 2020-01-29 23:22:00
INFO:root:Processing timestep : 2020-01-29 23:25:00
INFO:root:Processing timestep : 2020-01-29 23:27:00
INFO:root:Processing timestep : 2020-01-29 23:30:00
INFO:root:Processing timestep : 2020-01-29 23:32:00
INFO:root:Processing timestep : 2020-01-29 23:35:00
INFO:root:Processing timestep : 2020-01-29 23:37:00
INFO:root:Processing timestep : 2020-01-29 23:40:00
INFO:root:Processing timestep : 2020-01-29 23:42:00
INFO:root:Processing timestep : 2020-01-29 23:45:00
INFO:root:Processing timestep : 2020-01-29 23:47:00
INFO:root:Processing timestep : 2020-01-29 23:50:00
INFO:root:Processing timestep : 2020-01-29 23:52:00
INFO:root:Processing timestep : 2020-01-29 23:55:00
INFO:root:Processing timestep : 2020-01-29 23:57:00
INFO:root:Processing timestep : 2020-01-30 00:00:00

## You are using the Python ARM Radar Toolkit (Py-ART), an open source
## library for working with weather radar data. Py-ART is partly
## supported by the U.S. Department of Energy as part of the Atmospheric
## Radiation Measurement (ARM) Climate Research Facility, an Office of
## Science user facility.
##
## If you use this software to prepare a publication, please cite:
##
##     JJ Helmus and SM Collis, JORS 2016, doi: 10.5334/jors.119

