/store/msrad/utils/anaconda3/envs/radardb/lib/python3.6/site-packages/osgeo/__init__.py:8: DeprecationWarning: the imp module is deprecated in favour of importlib; see the module's documentation for alternative uses
  import imp
INFO:root:Processing timestep : 2019-08-06 00:00:00
INFO:root:Processing timestep : 2019-08-06 00:02:00
INFO:root:Processing timestep : 2019-08-06 00:05:00
INFO:root:Processing timestep : 2019-08-06 00:07:00
INFO:root:Processing timestep : 2019-08-06 00:10:00
INFO:root:Processing timestep : 2019-08-06 00:12:00
INFO:root:Processing timestep : 2019-08-06 00:15:00
INFO:root:Processing timestep : 2019-08-06 00:17:00
INFO:root:Processing timestep : 2019-08-06 00:20:00
INFO:root:Processing timestep : 2019-08-06 00:22:00
INFO:root:Processing timestep : 2019-08-06 00:25:00
INFO:root:Processing timestep : 2019-08-06 00:27:00
INFO:root:Processing timestep : 2019-08-06 00:30:00
INFO:root:Processing timestep : 2019-08-06 00:32:00
INFO:root:Processing timestep : 2019-08-06 00:35:00
INFO:root:Processing timestep : 2019-08-06 00:37:00
INFO:root:Processing timestep : 2019-08-06 00:40:00
INFO:root:Processing timestep : 2019-08-06 00:42:00
INFO:root:Processing timestep : 2019-08-06 00:45:00
INFO:root:Processing timestep : 2019-08-06 00:47:00
INFO:root:Processing timestep : 2019-08-06 00:50:00
INFO:root:Processing timestep : 2019-08-06 00:52:00
INFO:root:Processing timestep : 2019-08-06 00:55:00
INFO:root:Processing timestep : 2019-08-06 00:57:00
INFO:root:Processing timestep : 2019-08-06 01:00:00
INFO:root:Processing timestep : 2019-08-06 01:02:00
INFO:root:Processing timestep : 2019-08-06 01:05:00
INFO:root:Processing timestep : 2019-08-06 01:07:00
INFO:root:Processing timestep : 2019-08-06 01:10:00
INFO:root:Processing timestep : 2019-08-06 01:12:00
INFO:root:Processing timestep : 2019-08-06 01:15:00
INFO:root:Processing timestep : 2019-08-06 01:17:00
INFO:root:Processing timestep : 2019-08-06 01:20:00
INFO:root:Processing timestep : 2019-08-06 01:22:00
INFO:root:Processing timestep : 2019-08-06 01:25:00
INFO:root:Processing timestep : 2019-08-06 01:27:00
INFO:root:Processing timestep : 2019-08-06 01:30:00
INFO:root:Processing timestep : 2019-08-06 01:32:00
INFO:root:Processing timestep : 2019-08-06 01:35:00
INFO:root:Processing timestep : 2019-08-06 01:37:00
INFO:root:Processing timestep : 2019-08-06 01:40:00
INFO:root:Processing timestep : 2019-08-06 01:42:00
INFO:root:Processing timestep : 2019-08-06 01:45:00
INFO:root:Processing timestep : 2019-08-06 01:47:00
INFO:root:Processing timestep : 2019-08-06 01:50:00
INFO:root:Processing timestep : 2019-08-06 01:52:00
INFO:root:Processing timestep : 2019-08-06 01:55:00
INFO:root:Processing timestep : 2019-08-06 01:57:00
INFO:root:Processing timestep : 2019-08-06 02:00:00
INFO:root:Processing timestep : 2019-08-06 02:02:00
INFO:root:Processing timestep : 2019-08-06 02:05:00
INFO:root:Processing timestep : 2019-08-06 02:07:00
INFO:root:Processing timestep : 2019-08-06 02:10:00
INFO:root:Processing timestep : 2019-08-06 02:12:00
INFO:root:Processing timestep : 2019-08-06 02:15:00
INFO:root:Processing timestep : 2019-08-06 02:17:00
INFO:root:Processing timestep : 2019-08-06 02:20:00
INFO:root:Processing timestep : 2019-08-06 02:22:00
INFO:root:Processing timestep : 2019-08-06 02:25:00
INFO:root:Processing timestep : 2019-08-06 02:27:00
INFO:root:Processing timestep : 2019-08-06 02:30:00
INFO:root:Processing timestep : 2019-08-06 02:32:00
INFO:root:Processing timestep : 2019-08-06 02:35:00
INFO:root:Processing timestep : 2019-08-06 02:37:00
INFO:root:Processing timestep : 2019-08-06 02:40:00
INFO:root:Processing timestep : 2019-08-06 02:42:00
INFO:root:Processing timestep : 2019-08-06 02:45:00
INFO:root:Processing timestep : 2019-08-06 02:47:00
INFO:root:Processing timestep : 2019-08-06 02:50:00
INFO:root:Processing timestep : 2019-08-06 02:52:00
INFO:root:Processing timestep : 2019-08-06 02:55:00
INFO:root:Processing timestep : 2019-08-06 02:57:00
INFO:root:Processing timestep : 2019-08-06 03:00:00
INFO:root:Processing timestep : 2019-08-06 03:02:00
INFO:root:Processing timestep : 2019-08-06 03:05:00
INFO:root:Processing timestep : 2019-08-06 03:07:00
INFO:root:Processing timestep : 2019-08-06 03:10:00
INFO:root:Processing timestep : 2019-08-06 03:12:00
INFO:root:Processing timestep : 2019-08-06 03:15:00
INFO:root:Processing timestep : 2019-08-06 03:17:00
INFO:root:Processing timestep : 2019-08-06 03:20:00
INFO:root:Processing timestep : 2019-08-06 03:22:00
INFO:root:Processing timestep : 2019-08-06 03:25:00
INFO:root:Processing timestep : 2019-08-06 03:27:00
INFO:root:Processing timestep : 2019-08-06 03:30:00
INFO:root:Processing timestep : 2019-08-06 03:32:00
INFO:root:Processing timestep : 2019-08-06 03:35:00
INFO:root:Processing timestep : 2019-08-06 03:37:00
INFO:root:Processing timestep : 2019-08-06 03:40:00
INFO:root:Processing timestep : 2019-08-06 03:42:00
INFO:root:Processing timestep : 2019-08-06 03:45:00
INFO:root:Processing timestep : 2019-08-06 03:47:00
INFO:root:Processing timestep : 2019-08-06 03:50:00
INFO:root:Processing timestep : 2019-08-06 03:52:00
INFO:root:Processing timestep : 2019-08-06 03:55:00
INFO:root:Processing timestep : 2019-08-06 03:57:00
INFO:root:Processing timestep : 2019-08-06 04:00:00
INFO:root:Processing timestep : 2019-08-06 04:02:00
INFO:root:Processing timestep : 2019-08-06 04:05:00
INFO:root:Processing timestep : 2019-08-06 04:07:00
INFO:root:Processing timestep : 2019-08-06 04:10:00
INFO:root:Processing timestep : 2019-08-06 04:12:00
INFO:root:Processing timestep : 2019-08-06 04:15:00
INFO:root:Processing timestep : 2019-08-06 04:17:00
INFO:root:Processing timestep : 2019-08-06 04:20:00
INFO:root:Processing timestep : 2019-08-06 04:22:00
INFO:root:Processing timestep : 2019-08-06 04:25:00
INFO:root:Processing timestep : 2019-08-06 04:27:00
INFO:root:Processing timestep : 2019-08-06 04:30:00
INFO:root:Processing timestep : 2019-08-06 04:32:00
INFO:root:Processing timestep : 2019-08-06 04:35:00
INFO:root:Processing timestep : 2019-08-06 04:37:00
INFO:root:Processing timestep : 2019-08-06 04:40:00
INFO:root:Processing timestep : 2019-08-06 04:42:00
INFO:root:Processing timestep : 2019-08-06 04:45:00
INFO:root:Processing timestep : 2019-08-06 04:47:00
INFO:root:Processing timestep : 2019-08-06 04:50:00
INFO:root:Processing timestep : 2019-08-06 04:52:00
INFO:root:Processing timestep : 2019-08-06 04:55:00
INFO:root:Processing timestep : 2019-08-06 04:57:00
INFO:root:Processing timestep : 2019-08-06 05:00:00
INFO:root:Processing timestep : 2019-08-06 05:02:00
INFO:root:Processing timestep : 2019-08-06 05:05:00
INFO:root:Processing timestep : 2019-08-06 05:07:00
INFO:root:Processing timestep : 2019-08-06 05:10:00
INFO:root:Processing timestep : 2019-08-06 05:12:00
INFO:root:Processing timestep : 2019-08-06 05:15:00
INFO:root:Processing timestep : 2019-08-06 05:17:00
INFO:root:Processing timestep : 2019-08-06 05:20:00
INFO:root:Processing timestep : 2019-08-06 05:22:00
INFO:root:Processing timestep : 2019-08-06 05:25:00
INFO:root:Processing timestep : 2019-08-06 05:27:00
INFO:root:Processing timestep : 2019-08-06 05:30:00
INFO:root:Processing timestep : 2019-08-06 05:32:00
INFO:root:Processing timestep : 2019-08-06 05:35:00
INFO:root:Processing timestep : 2019-08-06 05:37:00
INFO:root:Processing timestep : 2019-08-06 05:40:00
INFO:root:Processing timestep : 2019-08-06 05:42:00
INFO:root:Processing timestep : 2019-08-06 05:45:00
INFO:root:Processing timestep : 2019-08-06 05:47:00
INFO:root:Processing timestep : 2019-08-06 05:50:00
INFO:root:Processing timestep : 2019-08-06 05:52:00
INFO:root:Processing timestep : 2019-08-06 05:55:00
INFO:root:Processing timestep : 2019-08-06 05:57:00
INFO:root:Processing timestep : 2019-08-06 06:00:00
INFO:root:Processing timestep : 2019-08-06 06:02:00
INFO:root:Processing timestep : 2019-08-06 06:05:00
INFO:root:Processing timestep : 2019-08-06 06:07:00
INFO:root:Processing timestep : 2019-08-06 06:10:00
INFO:root:Processing timestep : 2019-08-06 06:12:00
INFO:root:Processing timestep : 2019-08-06 06:15:00
INFO:root:Processing timestep : 2019-08-06 06:17:00
INFO:root:Processing timestep : 2019-08-06 06:20:00
INFO:root:Processing timestep : 2019-08-06 06:22:00
INFO:root:Processing timestep : 2019-08-06 06:25:00
INFO:root:Processing timestep : 2019-08-06 06:27:00
INFO:root:Processing timestep : 2019-08-06 06:30:00
INFO:root:Processing timestep : 2019-08-06 06:32:00
INFO:root:Processing timestep : 2019-08-06 06:35:00
INFO:root:Processing timestep : 2019-08-06 06:37:00
INFO:root:Processing timestep : 2019-08-06 06:40:00
INFO:root:Processing timestep : 2019-08-06 06:42:00
INFO:root:Processing timestep : 2019-08-06 06:45:00
INFO:root:Processing timestep : 2019-08-06 06:47:00
INFO:root:Processing timestep : 2019-08-06 06:50:00
INFO:root:Processing timestep : 2019-08-06 06:52:00
INFO:root:Processing timestep : 2019-08-06 06:55:00
INFO:root:Processing timestep : 2019-08-06 06:57:00
INFO:root:Processing timestep : 2019-08-06 07:00:00
INFO:root:Processing timestep : 2019-08-06 07:02:00
INFO:root:Processing timestep : 2019-08-06 07:05:00
INFO:root:Processing timestep : 2019-08-06 07:07:00
INFO:root:Processing timestep : 2019-08-06 07:10:00
INFO:root:Processing timestep : 2019-08-06 07:12:00
INFO:root:Processing timestep : 2019-08-06 07:15:00
INFO:root:Processing timestep : 2019-08-06 07:17:00
INFO:root:Processing timestep : 2019-08-06 07:20:00
INFO:root:Processing timestep : 2019-08-06 07:22:00
INFO:root:Processing timestep : 2019-08-06 07:25:00
INFO:root:Processing timestep : 2019-08-06 07:27:00
INFO:root:Processing timestep : 2019-08-06 07:30:00
INFO:root:Processing timestep : 2019-08-06 07:32:00
INFO:root:Processing timestep : 2019-08-06 07:35:00
INFO:root:Processing timestep : 2019-08-06 07:37:00
INFO:root:Processing timestep : 2019-08-06 07:40:00
INFO:root:Processing timestep : 2019-08-06 07:42:00
INFO:root:Processing timestep : 2019-08-06 07:45:00
INFO:root:Processing timestep : 2019-08-06 07:47:00
INFO:root:Processing timestep : 2019-08-06 07:50:00
INFO:root:Processing timestep : 2019-08-06 07:52:00
INFO:root:Processing timestep : 2019-08-06 07:55:00
INFO:root:Processing timestep : 2019-08-06 07:57:00
INFO:root:Processing timestep : 2019-08-06 08:00:00
INFO:root:Processing timestep : 2019-08-06 08:02:00
INFO:root:Processing timestep : 2019-08-06 08:05:00
INFO:root:Processing timestep : 2019-08-06 08:07:00
INFO:root:Processing timestep : 2019-08-06 08:10:00
INFO:root:Processing timestep : 2019-08-06 08:12:00
INFO:root:Processing timestep : 2019-08-06 08:15:00
INFO:root:Processing timestep : 2019-08-06 08:17:00
INFO:root:Processing timestep : 2019-08-06 08:20:00
INFO:root:Processing timestep : 2019-08-06 08:22:00
INFO:root:Processing timestep : 2019-08-06 08:25:00
INFO:root:Processing timestep : 2019-08-06 08:27:00
INFO:root:Processing timestep : 2019-08-06 08:30:00
INFO:root:Processing timestep : 2019-08-06 08:32:00
INFO:root:Processing timestep : 2019-08-06 08:35:00
INFO:root:Processing timestep : 2019-08-06 08:37:00
INFO:root:Processing timestep : 2019-08-06 08:40:00
INFO:root:Processing timestep : 2019-08-06 08:42:00
INFO:root:Processing timestep : 2019-08-06 08:45:00
INFO:root:Processing timestep : 2019-08-06 08:47:00
INFO:root:Processing timestep : 2019-08-06 08:50:00
INFO:root:Processing timestep : 2019-08-06 08:52:00
INFO:root:Processing timestep : 2019-08-06 08:55:00
INFO:root:Processing timestep : 2019-08-06 08:57:00
INFO:root:Processing timestep : 2019-08-06 09:00:00
INFO:root:Processing timestep : 2019-08-06 09:02:00
INFO:root:Processing timestep : 2019-08-06 09:05:00
INFO:root:Processing timestep : 2019-08-06 09:07:00
INFO:root:Processing timestep : 2019-08-06 09:10:00
INFO:root:Processing timestep : 2019-08-06 09:12:00
INFO:root:Processing timestep : 2019-08-06 09:15:00
INFO:root:Processing timestep : 2019-08-06 09:17:00
INFO:root:Processing timestep : 2019-08-06 09:20:00
INFO:root:Processing timestep : 2019-08-06 09:22:00
INFO:root:Processing timestep : 2019-08-06 09:25:00
INFO:root:Processing timestep : 2019-08-06 09:27:00
INFO:root:Processing timestep : 2019-08-06 09:30:00
INFO:root:Processing timestep : 2019-08-06 09:32:00
INFO:root:Processing timestep : 2019-08-06 09:35:00
INFO:root:Processing timestep : 2019-08-06 09:37:00
INFO:root:Processing timestep : 2019-08-06 09:40:00
INFO:root:Processing timestep : 2019-08-06 09:42:00
INFO:root:Processing timestep : 2019-08-06 09:45:00
INFO:root:Processing timestep : 2019-08-06 09:47:00
INFO:root:Processing timestep : 2019-08-06 09:50:00
INFO:root:Processing timestep : 2019-08-06 09:52:00
INFO:root:Processing timestep : 2019-08-06 09:55:00
INFO:root:Processing timestep : 2019-08-06 09:57:00
INFO:root:Processing timestep : 2019-08-06 10:00:00
INFO:root:Processing timestep : 2019-08-06 10:02:00
INFO:root:Processing timestep : 2019-08-06 10:05:00
INFO:root:Processing timestep : 2019-08-06 10:07:00
INFO:root:Processing timestep : 2019-08-06 10:10:00
INFO:root:Processing timestep : 2019-08-06 10:12:00
INFO:root:Processing timestep : 2019-08-06 10:15:00
INFO:root:Processing timestep : 2019-08-06 10:17:00
INFO:root:Processing timestep : 2019-08-06 10:20:00
INFO:root:Processing timestep : 2019-08-06 10:22:00
INFO:root:Processing timestep : 2019-08-06 10:25:00
INFO:root:Processing timestep : 2019-08-06 10:27:00
INFO:root:Processing timestep : 2019-08-06 10:30:00
INFO:root:Processing timestep : 2019-08-06 10:32:00
INFO:root:Processing timestep : 2019-08-06 10:35:00
INFO:root:Processing timestep : 2019-08-06 10:37:00
INFO:root:Processing timestep : 2019-08-06 10:40:00
INFO:root:Processing timestep : 2019-08-06 10:42:00
INFO:root:Processing timestep : 2019-08-06 10:45:00
INFO:root:Processing timestep : 2019-08-06 10:47:00
INFO:root:Processing timestep : 2019-08-06 10:50:00
INFO:root:Processing timestep : 2019-08-06 10:52:00
INFO:root:Processing timestep : 2019-08-06 10:55:00
INFO:root:Processing timestep : 2019-08-06 10:57:00
INFO:root:Processing timestep : 2019-08-06 11:00:00
INFO:root:Processing timestep : 2019-08-06 11:02:00
INFO:root:Processing timestep : 2019-08-06 11:05:00
INFO:root:Processing timestep : 2019-08-06 11:07:00
INFO:root:Processing timestep : 2019-08-06 11:10:00
INFO:root:Processing timestep : 2019-08-06 11:12:00
INFO:root:Processing timestep : 2019-08-06 11:15:00
INFO:root:Processing timestep : 2019-08-06 11:17:00
INFO:root:Processing timestep : 2019-08-06 11:20:00
INFO:root:Processing timestep : 2019-08-06 11:22:00
INFO:root:Processing timestep : 2019-08-06 11:25:00
INFO:root:Processing timestep : 2019-08-06 11:27:00
INFO:root:Processing timestep : 2019-08-06 11:30:00
INFO:root:Processing timestep : 2019-08-06 11:32:00
INFO:root:Processing timestep : 2019-08-06 11:35:00
INFO:root:Processing timestep : 2019-08-06 11:37:00
INFO:root:Processing timestep : 2019-08-06 11:40:00
INFO:root:Processing timestep : 2019-08-06 11:42:00
INFO:root:Processing timestep : 2019-08-06 11:45:00
INFO:root:Processing timestep : 2019-08-06 11:47:00
INFO:root:Processing timestep : 2019-08-06 11:50:00
INFO:root:Processing timestep : 2019-08-06 11:52:00
INFO:root:Processing timestep : 2019-08-06 11:55:00
INFO:root:Processing timestep : 2019-08-06 11:57:00
INFO:root:Processing timestep : 2019-08-06 12:00:00
INFO:root:Processing timestep : 2019-08-06 12:02:00
INFO:root:Processing timestep : 2019-08-06 12:05:00
INFO:root:Processing timestep : 2019-08-06 12:07:00
INFO:root:Processing timestep : 2019-08-06 12:10:00
INFO:root:Processing timestep : 2019-08-06 12:12:00
INFO:root:Processing timestep : 2019-08-06 12:15:00
INFO:root:Processing timestep : 2019-08-06 12:17:00
INFO:root:Processing timestep : 2019-08-06 12:20:00
INFO:root:Processing timestep : 2019-08-06 12:22:00
INFO:root:Processing timestep : 2019-08-06 12:25:00
INFO:root:Processing timestep : 2019-08-06 12:27:00
INFO:root:Processing timestep : 2019-08-06 12:30:00
INFO:root:Processing timestep : 2019-08-06 12:32:00
INFO:root:Processing timestep : 2019-08-06 12:35:00
INFO:root:Processing timestep : 2019-08-06 12:37:00
INFO:root:Processing timestep : 2019-08-06 12:40:00
INFO:root:Processing timestep : 2019-08-06 12:42:00
INFO:root:Processing timestep : 2019-08-06 12:45:00
INFO:root:Processing timestep : 2019-08-06 12:47:00
INFO:root:Processing timestep : 2019-08-06 12:50:00
INFO:root:Processing timestep : 2019-08-06 12:52:00
INFO:root:Processing timestep : 2019-08-06 12:55:00
INFO:root:Processing timestep : 2019-08-06 12:57:00
INFO:root:Processing timestep : 2019-08-06 13:00:00
INFO:root:Processing timestep : 2019-08-06 13:02:00
INFO:root:Processing timestep : 2019-08-06 13:05:00
INFO:root:Processing timestep : 2019-08-06 13:07:00
INFO:root:Processing timestep : 2019-08-06 13:10:00
INFO:root:Processing timestep : 2019-08-06 13:12:00
INFO:root:Processing timestep : 2019-08-06 13:15:00
INFO:root:Processing timestep : 2019-08-06 13:17:00
INFO:root:Processing timestep : 2019-08-06 13:20:00
INFO:root:Processing timestep : 2019-08-06 13:22:00
INFO:root:Processing timestep : 2019-08-06 13:25:00
INFO:root:Processing timestep : 2019-08-06 13:27:00
INFO:root:Processing timestep : 2019-08-06 13:30:00
INFO:root:Processing timestep : 2019-08-06 13:32:00
INFO:root:Processing timestep : 2019-08-06 13:35:00
INFO:root:Processing timestep : 2019-08-06 13:37:00
INFO:root:Processing timestep : 2019-08-06 13:40:00
INFO:root:Processing timestep : 2019-08-06 13:42:00
INFO:root:Processing timestep : 2019-08-06 13:45:00
INFO:root:Processing timestep : 2019-08-06 13:47:00
INFO:root:Processing timestep : 2019-08-06 13:50:00
INFO:root:Processing timestep : 2019-08-06 13:52:00
INFO:root:Processing timestep : 2019-08-06 13:55:00
INFO:root:Processing timestep : 2019-08-06 13:57:00
INFO:root:Processing timestep : 2019-08-06 14:00:00
INFO:root:Processing timestep : 2019-08-06 14:02:00
INFO:root:Processing timestep : 2019-08-06 14:05:00
INFO:root:Processing timestep : 2019-08-06 14:07:00
INFO:root:Processing timestep : 2019-08-06 14:10:00
INFO:root:Processing timestep : 2019-08-06 14:12:00
INFO:root:Processing timestep : 2019-08-06 14:15:00
INFO:root:Processing timestep : 2019-08-06 14:17:00
INFO:root:Processing timestep : 2019-08-06 14:20:00
INFO:root:Processing timestep : 2019-08-06 14:22:00
INFO:root:Processing timestep : 2019-08-06 14:25:00
INFO:root:Processing timestep : 2019-08-06 14:27:00
INFO:root:Processing timestep : 2019-08-06 14:30:00
INFO:root:Processing timestep : 2019-08-06 14:32:00
INFO:root:Processing timestep : 2019-08-06 14:35:00
INFO:root:Processing timestep : 2019-08-06 14:37:00
INFO:root:Processing timestep : 2019-08-06 14:40:00
INFO:root:Processing timestep : 2019-08-06 14:42:00
INFO:root:Processing timestep : 2019-08-06 14:45:00
INFO:root:Processing timestep : 2019-08-06 14:47:00
INFO:root:Processing timestep : 2019-08-06 14:50:00
INFO:root:Processing timestep : 2019-08-06 14:52:00
INFO:root:Processing timestep : 2019-08-06 14:55:00
INFO:root:Processing timestep : 2019-08-06 14:57:00
INFO:root:Processing timestep : 2019-08-06 15:00:00
INFO:root:Processing timestep : 2019-08-06 15:02:00
INFO:root:Processing timestep : 2019-08-06 15:05:00
INFO:root:Processing timestep : 2019-08-06 15:07:00
INFO:root:Processing timestep : 2019-08-06 15:10:00
INFO:root:Processing timestep : 2019-08-06 15:12:00
INFO:root:Processing timestep : 2019-08-06 15:15:00
INFO:root:Processing timestep : 2019-08-06 15:17:00
INFO:root:Processing timestep : 2019-08-06 15:20:00
INFO:root:Processing timestep : 2019-08-06 15:22:00
INFO:root:Processing timestep : 2019-08-06 15:25:00
INFO:root:Processing timestep : 2019-08-06 15:27:00
INFO:root:Processing timestep : 2019-08-06 15:30:00
INFO:root:Processing timestep : 2019-08-06 15:32:00
INFO:root:Processing timestep : 2019-08-06 15:35:00
INFO:root:Processing timestep : 2019-08-06 15:37:00
INFO:root:Processing timestep : 2019-08-06 15:40:00
INFO:root:Processing timestep : 2019-08-06 15:42:00
INFO:root:Processing timestep : 2019-08-06 15:45:00
INFO:root:Processing timestep : 2019-08-06 15:47:00
INFO:root:Processing timestep : 2019-08-06 15:50:00
INFO:root:Processing timestep : 2019-08-06 15:52:00
INFO:root:Processing timestep : 2019-08-06 15:55:00
INFO:root:Processing timestep : 2019-08-06 15:57:00
INFO:root:Processing timestep : 2019-08-06 16:00:00
INFO:root:Processing timestep : 2019-08-06 16:02:00
INFO:root:Processing timestep : 2019-08-06 16:05:00
INFO:root:Processing timestep : 2019-08-06 16:07:00
INFO:root:Processing timestep : 2019-08-06 16:10:00
INFO:root:Processing timestep : 2019-08-06 16:12:00
INFO:root:Processing timestep : 2019-08-06 16:15:00
INFO:root:Processing timestep : 2019-08-06 16:17:00
INFO:root:Processing timestep : 2019-08-06 16:20:00
INFO:root:Processing timestep : 2019-08-06 16:22:00
INFO:root:Processing timestep : 2019-08-06 16:25:00
INFO:root:Processing timestep : 2019-08-06 16:27:00
INFO:root:Processing timestep : 2019-08-06 16:30:00
INFO:root:Processing timestep : 2019-08-06 16:32:00
INFO:root:Processing timestep : 2019-08-06 16:35:00
INFO:root:Processing timestep : 2019-08-06 16:37:00
INFO:root:Processing timestep : 2019-08-06 16:40:00
INFO:root:Processing timestep : 2019-08-06 16:42:00
INFO:root:Processing timestep : 2019-08-06 16:45:00
INFO:root:Processing timestep : 2019-08-06 16:47:00
INFO:root:Processing timestep : 2019-08-06 16:50:00
INFO:root:Processing timestep : 2019-08-06 16:52:00
INFO:root:Processing timestep : 2019-08-06 16:55:00
INFO:root:Processing timestep : 2019-08-06 16:57:00
INFO:root:Processing timestep : 2019-08-06 17:00:00
INFO:root:Processing timestep : 2019-08-06 17:02:00
INFO:root:Processing timestep : 2019-08-06 17:05:00
INFO:root:Processing timestep : 2019-08-06 17:07:00
INFO:root:Processing timestep : 2019-08-06 17:10:00
INFO:root:Processing timestep : 2019-08-06 17:12:00
INFO:root:Processing timestep : 2019-08-06 17:15:00
INFO:root:Processing timestep : 2019-08-06 17:17:00
INFO:root:Processing timestep : 2019-08-06 17:20:00
INFO:root:Processing timestep : 2019-08-06 17:22:00
INFO:root:Processing timestep : 2019-08-06 17:25:00
INFO:root:Processing timestep : 2019-08-06 17:27:00
INFO:root:Processing timestep : 2019-08-06 17:30:00
INFO:root:Processing timestep : 2019-08-06 17:32:00
INFO:root:Processing timestep : 2019-08-06 17:35:00
INFO:root:Processing timestep : 2019-08-06 17:37:00
INFO:root:Processing timestep : 2019-08-06 17:40:00
INFO:root:Processing timestep : 2019-08-06 17:42:00
INFO:root:Processing timestep : 2019-08-06 17:45:00
INFO:root:Processing timestep : 2019-08-06 17:47:00
INFO:root:Processing timestep : 2019-08-06 17:50:00
INFO:root:Processing timestep : 2019-08-06 17:52:00
INFO:root:Processing timestep : 2019-08-06 17:55:00
INFO:root:Processing timestep : 2019-08-06 17:57:00
INFO:root:Processing timestep : 2019-08-06 18:00:00
INFO:root:Processing timestep : 2019-08-06 18:02:00
INFO:root:Processing timestep : 2019-08-06 18:05:00
INFO:root:Processing timestep : 2019-08-06 18:07:00
INFO:root:Processing timestep : 2019-08-06 18:10:00
INFO:root:Processing timestep : 2019-08-06 18:12:00
INFO:root:Processing timestep : 2019-08-06 18:15:00
INFO:root:Processing timestep : 2019-08-06 18:17:00
INFO:root:Processing timestep : 2019-08-06 18:20:00
INFO:root:Processing timestep : 2019-08-06 18:22:00
INFO:root:Processing timestep : 2019-08-06 18:25:00
INFO:root:Processing timestep : 2019-08-06 18:27:00
INFO:root:Processing timestep : 2019-08-06 18:30:00
INFO:root:Processing timestep : 2019-08-06 18:32:00
INFO:root:Processing timestep : 2019-08-06 18:35:00
INFO:root:Processing timestep : 2019-08-06 18:37:00
INFO:root:Processing timestep : 2019-08-06 18:40:00
INFO:root:Processing timestep : 2019-08-06 18:42:00
INFO:root:Processing timestep : 2019-08-06 18:45:00
INFO:root:Processing timestep : 2019-08-06 18:47:00
INFO:root:Processing timestep : 2019-08-06 18:50:00
INFO:root:Processing timestep : 2019-08-06 18:52:00
INFO:root:Processing timestep : 2019-08-06 18:55:00
INFO:root:Processing timestep : 2019-08-06 18:57:00
INFO:root:Processing timestep : 2019-08-06 19:00:00
INFO:root:Processing timestep : 2019-08-06 19:02:00
INFO:root:Processing timestep : 2019-08-06 19:05:00
INFO:root:Processing timestep : 2019-08-06 19:07:00
INFO:root:Processing timestep : 2019-08-06 19:10:00
INFO:root:Processing timestep : 2019-08-06 19:12:00
INFO:root:Processing timestep : 2019-08-06 19:15:00
INFO:root:Processing timestep : 2019-08-06 19:17:00
INFO:root:Processing timestep : 2019-08-06 19:20:00
INFO:root:Processing timestep : 2019-08-06 19:22:00
INFO:root:Processing timestep : 2019-08-06 19:25:00
INFO:root:Processing timestep : 2019-08-06 19:27:00
INFO:root:Processing timestep : 2019-08-06 19:30:00
INFO:root:Processing timestep : 2019-08-06 19:32:00
INFO:root:Processing timestep : 2019-08-06 19:35:00
INFO:root:Processing timestep : 2019-08-06 19:37:00
INFO:root:Processing timestep : 2019-08-06 19:40:00
INFO:root:Processing timestep : 2019-08-06 19:42:00
INFO:root:Processing timestep : 2019-08-06 19:45:00
INFO:root:Processing timestep : 2019-08-06 19:47:00
INFO:root:Processing timestep : 2019-08-06 19:50:00
INFO:root:Processing timestep : 2019-08-06 19:52:00
INFO:root:Processing timestep : 2019-08-06 19:55:00
INFO:root:Processing timestep : 2019-08-06 19:57:00
INFO:root:Processing timestep : 2019-08-06 20:00:00
INFO:root:Processing timestep : 2019-08-06 20:02:00
INFO:root:Processing timestep : 2019-08-06 20:05:00
INFO:root:Processing timestep : 2019-08-06 20:07:00
INFO:root:Processing timestep : 2019-08-06 20:10:00
INFO:root:Processing timestep : 2019-08-06 20:12:00
INFO:root:Processing timestep : 2019-08-06 20:15:00
INFO:root:Processing timestep : 2019-08-06 20:17:00
INFO:root:Processing timestep : 2019-08-06 20:20:00
INFO:root:Processing timestep : 2019-08-06 20:22:00
INFO:root:Processing timestep : 2019-08-06 20:25:00
INFO:root:Processing timestep : 2019-08-06 20:27:00
INFO:root:Processing timestep : 2019-08-06 20:30:00
INFO:root:Processing timestep : 2019-08-06 20:32:00
INFO:root:Processing timestep : 2019-08-06 20:35:00
INFO:root:Processing timestep : 2019-08-06 20:37:00
INFO:root:Processing timestep : 2019-08-06 20:40:00
INFO:root:Processing timestep : 2019-08-06 20:42:00
INFO:root:Processing timestep : 2019-08-06 20:45:00
INFO:root:Processing timestep : 2019-08-06 20:47:00
INFO:root:Processing timestep : 2019-08-06 20:50:00
INFO:root:Processing timestep : 2019-08-06 20:52:00
INFO:root:Processing timestep : 2019-08-06 20:55:00
INFO:root:Processing timestep : 2019-08-06 20:57:00
INFO:root:Processing timestep : 2019-08-06 21:00:00
INFO:root:Processing timestep : 2019-08-06 21:02:00
INFO:root:Processing timestep : 2019-08-06 21:05:00
INFO:root:Processing timestep : 2019-08-06 21:07:00
INFO:root:Processing timestep : 2019-08-06 21:10:00
INFO:root:Processing timestep : 2019-08-06 21:12:00
INFO:root:Processing timestep : 2019-08-06 21:15:00
INFO:root:Processing timestep : 2019-08-06 21:17:00
INFO:root:Processing timestep : 2019-08-06 21:20:00
INFO:root:Processing timestep : 2019-08-06 21:22:00
INFO:root:Processing timestep : 2019-08-06 21:25:00
INFO:root:Processing timestep : 2019-08-06 21:27:00
INFO:root:Processing timestep : 2019-08-06 21:30:00
INFO:root:Processing timestep : 2019-08-06 21:32:00
INFO:root:Processing timestep : 2019-08-06 21:35:00
INFO:root:Processing timestep : 2019-08-06 21:37:00
INFO:root:Processing timestep : 2019-08-06 21:40:00
INFO:root:Processing timestep : 2019-08-06 21:42:00
INFO:root:Processing timestep : 2019-08-06 21:45:00
INFO:root:Processing timestep : 2019-08-06 21:47:00
INFO:root:Processing timestep : 2019-08-06 21:50:00
INFO:root:Processing timestep : 2019-08-06 21:52:00
INFO:root:Processing timestep : 2019-08-06 21:55:00
INFO:root:Processing timestep : 2019-08-06 21:57:00
INFO:root:Processing timestep : 2019-08-06 22:00:00
INFO:root:Processing timestep : 2019-08-06 22:02:00
INFO:root:Processing timestep : 2019-08-06 22:05:00
INFO:root:Processing timestep : 2019-08-06 22:07:00
INFO:root:Processing timestep : 2019-08-06 22:10:00
INFO:root:Processing timestep : 2019-08-06 22:12:00
INFO:root:Processing timestep : 2019-08-06 22:15:00
INFO:root:Processing timestep : 2019-08-06 22:17:00
INFO:root:Processing timestep : 2019-08-06 22:20:00
INFO:root:Processing timestep : 2019-08-06 22:22:00
INFO:root:Processing timestep : 2019-08-06 22:25:00
INFO:root:Processing timestep : 2019-08-06 22:27:00
INFO:root:Processing timestep : 2019-08-06 22:30:00
INFO:root:Processing timestep : 2019-08-06 22:32:00
INFO:root:Processing timestep : 2019-08-06 22:35:00
INFO:root:Processing timestep : 2019-08-06 22:37:00
INFO:root:Processing timestep : 2019-08-06 22:40:00
INFO:root:Processing timestep : 2019-08-06 22:42:00
INFO:root:Processing timestep : 2019-08-06 22:45:00
INFO:root:Processing timestep : 2019-08-06 22:47:00
INFO:root:Processing timestep : 2019-08-06 22:50:00
INFO:root:Processing timestep : 2019-08-06 22:52:00
INFO:root:Processing timestep : 2019-08-06 22:55:00
INFO:root:Processing timestep : 2019-08-06 22:57:00
INFO:root:Processing timestep : 2019-08-06 23:00:00
INFO:root:Processing timestep : 2019-08-06 23:02:00
INFO:root:Processing timestep : 2019-08-06 23:05:00
INFO:root:Processing timestep : 2019-08-06 23:07:00
INFO:root:Processing timestep : 2019-08-06 23:10:00
INFO:root:Processing timestep : 2019-08-06 23:12:00
INFO:root:Processing timestep : 2019-08-06 23:15:00
INFO:root:Processing timestep : 2019-08-06 23:17:00
INFO:root:Processing timestep : 2019-08-06 23:20:00
INFO:root:Processing timestep : 2019-08-06 23:22:00
INFO:root:Processing timestep : 2019-08-06 23:25:00
INFO:root:Processing timestep : 2019-08-06 23:27:00
INFO:root:Processing timestep : 2019-08-06 23:30:00
INFO:root:Processing timestep : 2019-08-06 23:32:00
INFO:root:Processing timestep : 2019-08-06 23:35:00
INFO:root:Processing timestep : 2019-08-06 23:37:00
INFO:root:Processing timestep : 2019-08-06 23:40:00
INFO:root:Processing timestep : 2019-08-06 23:42:00
INFO:root:Processing timestep : 2019-08-06 23:45:00
INFO:root:Processing timestep : 2019-08-06 23:47:00
INFO:root:Processing timestep : 2019-08-06 23:50:00
INFO:root:Processing timestep : 2019-08-06 23:52:00
INFO:root:Processing timestep : 2019-08-06 23:55:00
INFO:root:Processing timestep : 2019-08-06 23:57:00
INFO:root:Processing timestep : 2019-08-07 00:00:00

## You are using the Python ARM Radar Toolkit (Py-ART), an open source
## library for working with weather radar data. Py-ART is partly
## supported by the U.S. Department of Energy as part of the Atmospheric
## Radiation Measurement (ARM) Climate Research Facility, an Office of
## Science user facility.
##
## If you use this software to prepare a publication, please cite:
##
##     JJ Helmus and SM Collis, JORS 2016, doi: 10.5334/jors.119

